2017/1/13 23:59:52   未知用户   ::1   time   1042	http://localhost:9018/      -1   
2017/1/14 11:57:04   未知用户   ::1   time   183	http://localhost:9018/test.html      -1   
2017/1/14 13:25:40   未知用户   ::1   time   509	http://localhost:9018/t1.html      -1   
2017/1/14 13:34:28   未知用户   ::1   time   52028	http://localhost:9018/test.html      -1   
2017/1/14 13:36:04   未知用户   ::1   time   81655	http://localhost:9018/register.html      -1   
2017/1/14 13:37:54   未知用户   ::1   time   106749	http://localhost:9018/register.html      -1   
2017/1/14 13:39:22   未知用户   ::1   time   82840	http://localhost:9018/      -1   
2017/1/14 13:39:27   未知用户   ::1   time   3059	http://localhost:9018/register.html      -1   
2017/1/14 13:39:49   未知用户   ::1   time   9981	http://localhost:9018/register.html      -1   
2017/1/14 13:42:56   未知用户   ::1   time   3904	http://localhost:9018/      -1   
2017/1/14 13:44:30   未知用户   ::1   time   14137	http://localhost:9018/register.html      -1   
2017/1/14 13:45:05   未知用户   ::1   time   10240	http://localhost:9018/register.html      -1   
2017/1/14 13:45:37   未知用户   ::1   time   30360	http://localhost:9018/register.html      -1   
2017/1/14 13:50:11   未知用户   ::1   time   22477	http://localhost:9018/      -1   
2017/1/14 13:50:12   未知用户   ::1   time   857	http://localhost:9018/register.html      -1   
2017/1/14 15:16:13   未知用户   ::1   time   161	http://localhost:9018/test.html      -1   
2017/1/14 15:17:13   未知用户   ::1   time   155	http://localhost:9018/test.html      -1   
2017/1/14 17:06:44   未知用户   ::1   time   3885	http://localhost:9018/register.html      -1   
2017/1/14 19:41:14   未知用户   ::1   time   103	http://localhost:9018/      -1   
2017/1/14 20:08:43   未知用户   ::1   time   108	http://localhost:9018/apply.html      -1   
2017/1/14 20:28:13   未知用户   ::1   time   158	http://localhost:9018/apply.html      -1   
2017/1/14 21:48:02   未知用户   ::1   time   122	http://localhost:9018/      -1   
2017/1/14 22:01:21   未知用户   ::1   time   789646	http://localhost:9018/      -1   
2017/1/14 22:01:30   未知用户   ::1   time   7474	http://localhost:9018/      -1   
2017/1/14 22:10:00   未知用户   ::1   time   164	http://localhost:9018/      -1   
2017/1/14 23:00:31   未知用户   ::1   time   114	http://localhost:9018/      -1   
2017/1/14 23:05:22   未知用户   ::1   time   5897	http://localhost:9018/      -1   
2017/1/14 23:06:29   未知用户   ::1   time   39242	http://localhost:9018/      -1   
2017/1/14 23:08:56   未知用户   ::1   time   61295	http://localhost:9018/      -1   
2017/1/14 23:12:39   未知用户   ::1   time   18696	http://localhost:9018/      -1   
2017/1/14 23:14:28   未知用户   ::1   time   104817	http://localhost:9018/      -1   
2017/1/14 23:15:27   未知用户   ::1   time   13715	http://localhost:9018/      -1   
2017/1/14 23:15:38   未知用户   ::1   time   4543	http://localhost:9018/      -1   
2017/1/14 23:20:35   未知用户   ::1   time   105	http://localhost:9018/      -1   
2017/1/14 23:21:27   未知用户   ::1   time   519	http://localhost:9018/test.html      -1   
2017/1/16 18:59:11   未知用户   ::1   time   1102	http://localhost:9018/      -1   
2017/1/16 19:03:20   未知用户   ::1   time   134	http://localhost:9018/      -1   
2017/1/16 19:14:07   未知用户   ::1   time   169	http://localhost:9018/   http://localhost:9018/   -1   
2017/1/16 20:57:17   未知用户   ::1   time   110	http://localhost:9018/      -1   
2017/1/16 21:06:35   未知用户   ::1   time   15575	http://localhost:9018/      -1   
2017/1/16 21:14:34   未知用户   ::1   time   165	http://localhost:9018/   http://localhost:9018/apply.html   -1   
2017/1/16 21:20:17   未知用户   ::1   time   102	http://localhost:9018/   http://localhost:9018/apply.html   -1   
2017/1/16 21:21:59   未知用户   ::1   time   137	http://localhost:9018/      -1   
2017/1/16 21:25:05   未知用户   ::1   time   104	http://localhost:9018/   http://localhost:9018/apply.html   -1   
2017/1/16 21:28:42   未知用户   ::1   time   121	http://localhost:9018/      -1   
2017/1/16 21:28:45   未知用户   ::1   time   148	http://localhost:9018/      -1   
2017/1/16 21:28:46   未知用户   ::1   time   113	http://localhost:9018/      -1   
2017/1/16 21:29:07   未知用户   ::1   time   113	http://localhost:9018/      -1   
2017/1/16 21:29:42   未知用户   ::1   time   130	http://localhost:9018/      -1   
2017/1/16 21:29:57   未知用户   ::1   time   141	http://localhost:9018/      -1   
2017/1/16 22:06:29   未知用户   ::1   time   206	http://localhost:9018/      -1   
2017/1/16 22:36:36   未知用户   ::1   time   157	http://localhost:9018/   http://localhost:9018/   -1   
2017/1/16 22:36:37   未知用户   ::1   time   117	http://localhost:9018/apply.html   http://localhost:9018/   -1   
2017/1/17 20:10:28   未知用户   ::1   time   241	http://localhost:9018/      -1   
2017/1/17 20:11:41   未知用户   ::1   time   119	http://localhost:9018/test.html      -1   
2017/1/17 20:30:57   未知用户   ::1   time   638	http://localhost:9018/      -1   
2017/1/17 20:31:50   未知用户   ::1   time   472	http://localhost:9018/test.html      -1   
2017/1/17 20:32:04   未知用户   ::1   time   643	http://localhost:9018/xishanquyu/14081496063.html      -1   
2017/1/17 20:32:19   未知用户   ::1   time   217	http://localhost:9018/xishanquyu/14081496063.html      -1   
2017/1/17 20:32:29   未知用户   ::1   time   105	http://localhost:9018/xishanquyu/14081496063.html      -1   
2017/1/17 20:32:30   未知用户   ::1   time   559	http://localhost:9018/xishanquyu/14081496063.html      -1   
2017/1/17 20:32:30   未知用户   ::1   time   230	http://localhost:9018/xishanquyu/14081496063.html      -1   
2017/1/17 20:35:52   未知用户   ::1   time   120675	http://localhost:9018/xishanquyu/14081496063.html      -1   
2017/1/17 20:37:41   未知用户   ::1   time   42193	http://localhost:9018/      -1   
2017/1/17 20:41:12   未知用户   ::1   time   56034	http://localhost:9018/xishanquyu/14081496063.html      -1   
2017/1/18 23:09:20   未知用户   ::1   time   7198	http://localhost:9018/      -1   
2017/1/18 23:09:26   未知用户   ::1   time   460	http://localhost:9018/      -1   
2017/1/18 23:09:35   未知用户   ::1   time   475	http://localhost:9018/      -1   
2017/1/18 23:10:33   未知用户   ::1   time   47183	http://localhost:9018/      -1   
2017/1/18 23:10:38   未知用户   ::1   time   2722	http://localhost:9018/      -1   
2017/1/18 23:10:54   未知用户   ::1   time   15498	http://localhost:9018/      -1   
2017/1/18 23:12:23   未知用户   ::1   time   87649	http://localhost:9018/      -1   
