2016/4/1 11:02:47   未知用户   ::1   time   1596	http://localhost:9018/      -1   
2016/4/1 11:03:36   未知用户   ::1   time   110	http://localhost:9018/      -1   
2016/4/1 11:05:43   未知用户   ::1   time   106	http://localhost:9018/      -1   
2016/4/1 11:05:54   未知用户   ::1   time   103	http://localhost:9018/      -1   
2016/4/1 11:06:07   未知用户   ::1   time   732	http://localhost:9018/      -1   
2016/4/1 11:06:10   未知用户   ::1   time   103	http://localhost:9018/      -1   
2016/4/1 14:07:44   未知用户   ::1   time   850	http://localhost:9018/      -1   
2016/4/1 15:13:46   未知用户   ::1   time   613	http://localhost:9018/      -1   
2016/4/5 9:38:57   未知用户   ::1   time   7705	http://localhost:9018/      -1   
2016/4/5 9:46:35   未知用户   ::1   time   1434	http://localhost:9018/test.html      -1   
2016/4/5 9:47:16   未知用户   ::1   time   423	http://localhost:9018/test.html?_edit=true      -1   
2016/4/6 13:11:36   未知用户   ::1   time   1230	http://localhost:9018/      -1   
2016/4/6 16:35:07   未知用户   ::1   time   346	http://localhost:9018/news/11065335228.html   http://localhost:9018/manage/index.html   -1   
2016/4/6 16:35:36   未知用户   ::1   time   121	http://localhost:9018/news/11065335228.html   http://localhost:9018/manage/index.html   -1   
2016/4/6 16:35:45   未知用户   ::1   time   213	http://localhost:9018/news/11065335228.html   http://localhost:9018/manage/index.html   -1   
2016/4/6 16:36:02   未知用户   ::1   time   108	http://localhost:9018/news/11065335228.html   http://localhost:9018/manage/index.html   -1   
2016/4/6 16:36:33   未知用户   ::1   time   11468	http://localhost:9018/news/11065335228.html   http://localhost:9018/manage/index.html   -1   
2016/4/6 16:36:45   未知用户   ::1   time   725	http://localhost:9018/news/11065335228.html   http://localhost:9018/manage/index.html   -1   
2016/4/6 17:57:14   未知用户   ::1   time   84516	http://localhost:9018/      -1   
2016/4/6 17:58:27   未知用户   ::1   time   27279	http://localhost:9018/      -1   
2016/4/6 17:59:59   未知用户   ::1   time   91306	http://localhost:9018/      -1   
2016/4/6 18:00:17   未知用户   ::1   time   1336	http://localhost:9018/      -1   
2016/4/6 18:00:31   未知用户   ::1   time   12065	http://localhost:9018/      -1   
2016/4/6 18:00:41   未知用户   ::1   time   1512	http://localhost:9018/      -1   
2016/4/6 18:00:46   未知用户   ::1   time   3228	http://localhost:9018/      -1   
2016/4/6 18:01:02   未知用户   ::1   time   3992	http://localhost:9018/      -1   
2016/4/6 18:01:20   未知用户   ::1   time   1510	http://localhost:9018/      -1   
2016/4/7 14:37:03   未知用户   ::1   time   125	http://localhost:9018/      -1   
2016/4/11 9:10:32   未知用户   ::1   time   4319	http://localhost:9018/      -1   
2016/4/12 10:32:33   未知用户   ::1   time   625	http://localhost:9018/      -1   
2016/4/12 17:02:49   未知用户   ::1   time   317	http://localhost:9018/      -1   
2016/4/27 9:51:10   未知用户   ::1   time   620985	http://localhost:9018/t1.html      -1   
2016/4/27 13:40:10   未知用户   ::1   time   175	http://localhost:9018/      -1   
