2016/3/1 9:37:53   未知用户   ::1   time   1311	http://localhost:9018/      -1   
2016/3/1 9:49:43   未知用户   ::1   time   884	http://localhost:9018/test.html      -1   
2016/3/1 9:51:27   未知用户   ::1   time   132	http://localhost:9018/test.html?_edit=true      -1   
2016/3/1 10:26:39   未知用户   ::1   time   144	http://localhost:9018/test.html?_edit=true      -1   
2016/3/1 10:28:58   未知用户   ::1   time   113	http://localhost:9018/test.html?_edit=true   http://localhost:9018/test.html?_edit=true   -1   
2016/3/1 11:00:04   未知用户   ::1   time   116	http://localhost:9018/test.html?_edit=true   http://localhost:9018/test.html?_edit=true   -1   
2016/3/1 11:00:57   未知用户   ::1   time   125	http://localhost:9018/test.html?_edit=true   http://localhost:9018/test.html?_edit=true   -1   
2016/3/1 11:01:37   未知用户   ::1   time   126	http://localhost:9018/test.html?_edit=true   http://localhost:9018/test.html?_edit=true   -1   
2016/3/1 11:02:09   未知用户   ::1   time   113	http://localhost:9018/test.html?_edit=true   http://localhost:9018/test.html?_edit=true   -1   
2016/3/1 11:03:54   未知用户   ::1   time   134	http://localhost:9018/test.html?_edit=true   http://localhost:9018/test.html?_edit=true   -1   
2016/3/1 11:04:15   未知用户   ::1   time   119	http://localhost:9018/test.html?_edit=true   http://localhost:9018/test.html?_edit=true   -1   
2016/3/1 11:56:08   未知用户   ::1   time   145	http://localhost:9018/test.html      -1   
2016/3/2 9:03:59   未知用户   ::1   time   1150	http://localhost:9018/      -1   
2016/3/2 9:04:53   未知用户   ::1   time   4391	http://localhost:9018/test.html?_edit=true      -1   
2016/3/2 9:06:42   未知用户   ::1   time   367	http://localhost:9018/test.html?_edit=true      -1   
2016/3/2 9:06:52   未知用户   ::1   time   357	http://localhost:9018/test.html?_edit=true      -1   
2016/3/2 9:07:15   未知用户   ::1   time   160	http://localhost:9018/test.html?_edit=true      -1   
2016/3/2 9:08:38   未知用户   ::1   time   224	http://localhost:9018/test.html?_edit=true      -1   
2016/3/2 9:18:04   未知用户   ::1   time   149	http://localhost:9018/test.html?_edit=true      -1   
2016/3/2 10:00:12   未知用户   ::1   time   273	http://localhost:9018/test.html?_edit=true      -1   
2016/3/2 10:04:56   未知用户   ::1   time   123	http://localhost:9018/test.html?_edit=true      -1   
2016/3/2 10:05:26   未知用户   ::1   time   128	http://localhost:9018/test.html?_edit=true      -1   
2016/3/2 10:12:35   未知用户   ::1   time   165	http://localhost:9018/test.html?_edit=true      -1   
2016/3/2 10:13:40   未知用户   ::1   time   159	http://localhost:9018/test.html?_edit=true      -1   
2016/3/2 10:14:07   未知用户   ::1   time   182	http://localhost:9018/test.html?_edit=true      -1   
2016/3/2 10:14:32   未知用户   ::1   time   131	http://localhost:9018/test.html?_edit=true      -1   
2016/3/2 10:14:33   未知用户   ::1   time   164	http://localhost:9018/test.html?_edit=true      -1   
2016/3/2 10:14:40   未知用户   ::1   time   119	http://localhost:9018/test.html?_edit=true      -1   
2016/3/2 10:18:23   未知用户   ::1   time   134	http://localhost:9018/      -1   
2016/3/2 10:18:48   未知用户   ::1   time   450	http://localhost:9018/test.html?_edit=true      -1   
2016/3/2 10:18:51   未知用户   ::1   time   124	http://localhost:9018/test.html?_edit=true      -1   
2016/3/2 10:18:58   未知用户   ::1   time   195	http://localhost:9018/test.html?_edit=true      -1   
2016/3/2 10:24:21   未知用户   ::1   time   145	http://localhost:9018/test.html?_edit=true      -1   
2016/3/2 10:25:49   未知用户   ::1   time   191	http://localhost:9018/test.html?_edit=true      -1   
2016/3/2 10:28:05   未知用户   ::1   time   144	http://localhost:9018/test.html?_edit=true      -1   
2016/3/2 10:28:39   未知用户   ::1   time   165	http://localhost:9018/test.html?_edit=true      -1   
2016/3/2 10:28:52   未知用户   ::1   time   124	http://localhost:9018/test.html?_edit=true      -1   
2016/3/2 11:47:43   未知用户   ::1   time   210	http://localhost:9018/test.html      -1   
2016/3/2 13:11:12   未知用户   ::1   time   15079	http://localhost:9018/test.html?_edit=true      -1   
2016/3/2 13:11:14   未知用户   ::1   time   7103	http://localhost:9018/test.html?_edit=true      -1   
2016/3/2 13:11:16   未知用户   ::1   time   8914	http://localhost:9018/test.html?_edit=true      -1   
2016/3/2 13:11:16   未知用户   ::1   time   8990	http://localhost:9018/test.html?_edit=true      -1   
2016/3/2 13:12:34   未知用户   ::1   time   7507	http://localhost:9018/test.html?_edit=true      -1   
2016/3/2 17:16:49   未知用户   ::1   time   106	http://localhost:9018/test.html?_edit=true      -1   
2016/3/3 10:15:28   未知用户   ::1   time   683	http://localhost:9018/      -1   
2016/3/3 11:52:22   未知用户   ::1   time   176	http://localhost:9018/news/11065335706.html   http://localhost:9018/manage/index.html   -1   
2016/3/3 11:54:46   未知用户   ::1   time   52182	http://localhost:9018/news/11065335706.html   http://localhost:9018/manage/index.html   -1   
2016/3/3 11:55:41   未知用户   ::1   time   54597	http://localhost:9018/news/11065335706.html   http://localhost:9018/manage/index.html   -1   
2016/3/3 11:55:45   未知用户   ::1   time   1842	http://localhost:9018/news/11065335706.html   http://localhost:9018/manage/index.html   -1   
2016/3/3 13:30:26   未知用户   ::1   time   2093	http://localhost:9018/news/11065335706.html   http://localhost:9018/manage/index.html   -1   
2016/3/3 17:47:49   未知用户   ::1   time   179	http://localhost:9018/test.html      -1   
2016/3/4 11:02:25   未知用户   ::1   time   102	http://localhost:9018/test.html?_edit=true   http://localhost:9018/test.html?_edit=true   -1   
2016/3/4 11:06:08   未知用户   ::1   time   142	http://localhost:9018/test.html?_edit=true   http://localhost:9018/test.html?_edit=true   -1   
2016/3/4 11:32:28   未知用户   ::1   time   324	http://localhost:9018/test.html?_edit=true   http://localhost:9018/test.html?_edit=true   -1   
2016/3/4 17:03:58   未知用户   ::1   time   150	http://localhost:9018/test.html?_edit=true      -1   
2016/3/8 14:27:21   未知用户   ::1   time   1010	http://localhost:9018/      -1   
2016/3/8 14:29:45   未知用户   ::1   time   262	http://localhost:9018/test.html?_edit=true      -1   
2016/3/10 9:35:20   未知用户   ::1   time   126151	http://localhost:9018/      -1   
2016/3/10 9:35:33   未知用户   ::1   time   1088	http://localhost:9018/      -1   
2016/3/10 9:37:03   未知用户   ::1   time   76756	http://localhost:9018/      -1   
2016/3/10 9:37:41   未知用户   ::1   time   2084	http://localhost:9018/      -1   
2016/3/10 10:35:21   未知用户   ::1   time   284	http://localhost:9018/      -1   
2016/3/10 13:41:07   未知用户   ::1   time   57760	http://localhost:9018/      -1   
2016/3/10 15:51:57   未知用户   ::1   time   7846578	http://localhost:9018/      -1   
2016/3/10 15:52:26   未知用户   ::1   time   27788	http://localhost:9018/      -1   
2016/3/10 15:52:31   未知用户   ::1   time   3957	http://localhost:9018/      -1   
2016/3/10 15:52:38   未知用户   ::1   time   5922	http://localhost:9018/      -1   
2016/3/10 15:53:06   未知用户   ::1   time   21943	http://localhost:9018/      -1   
2016/3/10 15:53:20   未知用户   ::1   time   13936	http://localhost:9018/      -1   
2016/3/11 13:06:43   未知用户   ::1   time   25164	http://localhost:9018/      -1   
2016/3/11 13:06:45   未知用户   ::1   time   26716	http://localhost:9018/test.html?_edit=true      -1   
2016/3/11 13:42:09   未知用户   ::1   time   269430	http://localhost:9018/      -1   
2016/3/11 13:47:49   未知用户   ::1   time   35940	http://localhost:9018/      -1   
2016/3/11 13:58:05   未知用户   ::1   time   613400	http://localhost:9018/      -1   
2016/3/11 13:58:10   未知用户   ::1   time   1543	http://localhost:9018/      -1   
2016/3/11 14:01:30   未知用户   ::1   time   1853	http://localhost:9018/      -1   
2016/3/11 14:18:39   未知用户   ::1   time   169957	http://localhost:9018/      -1   
2016/3/11 14:19:15   未知用户   ::1   time   34786	http://localhost:9018/      -1   
2016/3/11 14:19:18   未知用户   ::1   time   986	http://localhost:9018/      -1   
2016/3/11 14:20:05   未知用户   ::1   time   43350	http://localhost:9018/      -1   
2016/3/11 14:26:31   未知用户   ::1   time   385582	http://localhost:9018/      -1   
2016/3/11 14:26:56   未知用户   ::1   time   7917	http://localhost:9018/      -1   
2016/3/11 14:30:35   未知用户   ::1   time   162005	http://localhost:9018/      -1   
2016/3/11 14:31:42   未知用户   ::1   time   5702	http://localhost:9018/      -1   
2016/3/11 14:35:53   未知用户   ::1   time   235376	http://localhost:9018/      -1   
2016/3/11 14:38:03   未知用户   ::1   time   124404	http://localhost:9018/      -1   
2016/3/11 14:45:05   未知用户   ::1   time   420275	http://localhost:9018/      -1   
2016/3/11 14:45:08   未知用户   ::1   time   1026	http://localhost:9018/      -1   
2016/3/11 14:45:17   未知用户   ::1   time   7534	http://localhost:9018/      -1   
2016/3/11 14:45:27   未知用户   ::1   time   9640	http://localhost:9018/      -1   
2016/3/11 14:45:53   未知用户   ::1   time   25395	http://localhost:9018/      -1   
2016/3/11 14:47:49   未知用户   ::1   time   116034	http://localhost:9018/      -1   
2016/3/11 14:49:43   未知用户   ::1   time   108442	http://localhost:9018/      -1   
2016/3/11 14:49:46   未知用户   ::1   time   1383	http://localhost:9018/      -1   
2016/3/11 14:50:54   未知用户   ::1   time   60437	http://localhost:9018/      -1   
2016/3/11 14:50:56   未知用户   ::1   time   1781	http://localhost:9018/      -1   
2016/3/11 15:04:38   未知用户   ::1   time   209123	http://localhost:9018/      -1   
2016/3/11 15:06:51   未知用户   ::1   time   132195	http://localhost:9018/      -1   
2016/3/15 15:15:26   未知用户   ::1   time   11600	http://localhost:9018/      -1   
2016/3/15 15:16:01   未知用户   ::1   time   156	http://localhost:9018/test.html?_edit=true      -1   
2016/3/16 17:16:00   未知用户   ::1   time   3275	http://localhost:9018/      -1   
2016/3/16 17:17:06   未知用户   ::1   time   360	http://localhost:9018/news/11065335706.html   http://localhost:9018/manage/index.html   -1   
2016/3/16 17:17:46   未知用户   ::1   time   16597	http://localhost:9018/news/11065335706.html   http://localhost:9018/manage/index.html   -1   
2016/3/16 17:49:55   未知用户   ::1   time   185	http://localhost:9018/      -1   
2016/3/18 11:40:57   未知用户   ::1   time   3459	http://localhost:9018/      -1   
2016/3/21 14:18:24   未知用户   ::1   time   116	http://localhost:9018/      -1   
2016/3/21 22:41:50   未知用户   ::1   time   2481	http://localhost:9018/      -1   
2016/3/21 22:44:15   未知用户   ::1   time   2354	http://localhost:9018/m/      -1   
2016/3/21 23:02:08   未知用户   ::1   time   149	http://localhost:9018/m/      -1   
2016/3/21 23:08:34   未知用户   ::1   time   2244	http://localhost:9018/?aa=333      -1   
2016/3/21 23:08:35   未知用户   ::1   time   2478	http://localhost:9018/m/      -1   
2016/3/22 11:30:26   未知用户   ::1   time   407	http://localhost:9018/hlwxw/11065364068.html   http://localhost:9018/manage/index.html   -1   
2016/3/22 11:30:58   未知用户   ::1   time   226	http://localhost:9018/hlwxw/11065364068.html   http://localhost:9018/manage/index.html   -1   
2016/3/22 11:30:58   未知用户   ::1   time   101	http://localhost:9018/hlwxw/11065364068.html   http://localhost:9018/manage/index.html   -1   
2016/3/22 11:31:06   未知用户   ::1   time   119	http://localhost:9018/hlwxw/11065364068.html   http://localhost:9018/manage/index.html   -1   
2016/3/22 11:31:06   未知用户   ::1   time   156	http://localhost:9018/hlwxw/11065364068.html   http://localhost:9018/manage/index.html   -1   
2016/3/22 11:33:50   未知用户   ::1   time   397	http://localhost:9018/hlwxw/11065364068.html   http://localhost:9018/manage/index.html   -1   
2016/3/22 11:39:13   未知用户   ::1   time   34718	http://localhost:9018/hlwxw/11065364068.html   http://localhost:9018/manage/index.html   -1   
2016/3/22 11:40:17   未知用户   ::1   time   61676	http://localhost:9018/hlwxw/11065364068.html   http://localhost:9018/manage/index.html   -1   
2016/3/22 11:40:22   未知用户   ::1   time   2121	http://localhost:9018/hlwxw/11065364068.html   http://localhost:9018/manage/index.html   -1   
2016/3/23 10:33:26   未知用户   ::1   time   127	http://localhost:9018/      -1   
2016/3/23 10:34:52   未知用户   ::1   time   341	http://localhost:9018/test.html?_edit=true      -1   
2016/3/23 11:45:27   未知用户   ::1   time   14644	http://localhost:9018/      -1   
2016/3/23 11:54:21   未知用户   ::1   time   532511	http://localhost:9018/      -1   
2016/3/23 14:23:07   未知用户   ::1   time   7316	http://localhost:9018/      -1   
2016/3/23 14:23:18   未知用户   ::1   time   7071	http://localhost:9018/      -1   
2016/3/23 14:24:01   未知用户   ::1   time   42870	http://localhost:9018/      -1   
2016/3/23 14:24:18   未知用户   ::1   time   3886	http://localhost:9018/      -1   
2016/3/23 14:25:28   未知用户   ::1   time   69111	http://localhost:9018/      -1   
2016/3/23 14:25:36   未知用户   ::1   time   7401	http://localhost:9018/      -1   
2016/3/23 14:26:37   未知用户   ::1   time   60064	http://localhost:9018/      -1   
2016/3/23 14:26:43   未知用户   ::1   time   4973	http://localhost:9018/      -1   
2016/3/23 14:26:57   未知用户   ::1   time   13812	http://localhost:9018/      -1   
2016/3/23 14:27:03   未知用户   ::1   time   5002	http://localhost:9018/      -1   
2016/3/23 14:27:07   未知用户   ::1   time   2838	http://localhost:9018/      -1   
2016/3/23 14:29:24   未知用户   ::1   time   137169	http://localhost:9018/      -1   
2016/3/23 14:29:31   未知用户   ::1   time   5936	http://localhost:9018/      -1   
2016/3/23 14:29:35   未知用户   ::1   time   4033	http://localhost:9018/      -1   
2016/3/23 14:29:47   未知用户   ::1   time   7083	http://localhost:9018/      -1   
2016/3/23 14:30:39   未知用户   ::1   time   33078	http://localhost:9018/      -1   
2016/3/23 14:30:48   未知用户   ::1   time   8228	http://localhost:9018/      -1   
2016/3/23 14:31:59   未知用户   ::1   time   25243	http://localhost:9018/      -1   
2016/3/23 14:32:44   未知用户   ::1   time   2560	http://localhost:9018/      -1   
2016/3/23 14:33:58   未知用户   ::1   time   72170	http://localhost:9018/      -1   
2016/3/23 14:34:07   未知用户   ::1   time   7880	http://localhost:9018/      -1   
2016/3/23 14:34:22   未知用户   ::1   time   1902	http://localhost:9018/      -1   
2016/3/23 14:35:23   未知用户   ::1   time   1468	http://localhost:9018/      -1   
2016/3/23 14:38:22   未知用户   ::1   time   160923	http://localhost:9018/      -1   
2016/3/23 14:38:54   未知用户   ::1   time   30485	http://localhost:9018/      -1   
2016/3/23 14:39:39   未知用户   ::1   time   6493	http://localhost:9018/      -1   
2016/3/23 14:41:23   未知用户   ::1   time   101459	http://localhost:9018/      -1   
2016/3/23 14:46:43   未知用户   ::1   time   310395	http://localhost:9018/      -1   
2016/3/23 14:47:30   未知用户   ::1   time   46278	http://localhost:9018/      -1   
2016/3/23 14:47:41   未知用户   ::1   time   9900	http://localhost:9018/      -1   
2016/3/23 14:47:58   未知用户   ::1   time   16062	http://localhost:9018/      -1   
2016/3/23 14:53:29   未知用户   ::1   time   329920	http://localhost:9018/      -1   
2016/3/23 14:53:33   未知用户   ::1   time   3093	http://localhost:9018/      -1   
2016/3/23 14:53:46   未知用户   ::1   time   2508	http://localhost:9018/      -1   
2016/3/23 14:55:07   未知用户   ::1   time   51838	http://localhost:9018/      -1   
2016/3/23 14:56:29   未知用户   ::1   time   80277	http://localhost:9018/      -1   
2016/3/23 15:01:00   未知用户   ::1   time   125187	http://localhost:9018/      -1   
2016/3/23 15:01:57   未知用户   ::1   time   4053	http://localhost:9018/      -1   
2016/3/23 15:05:14   未知用户   ::1   time   140386	http://localhost:9018/      -1   
2016/3/23 15:05:38   未知用户   ::1   time   23858	http://localhost:9018/      -1   
2016/3/23 15:06:57   未知用户   ::1   time   78189	http://localhost:9018/      -1   
2016/3/23 16:06:03   未知用户   ::1   time   585474	http://localhost:9018/      -1   
2016/3/23 16:06:27   未知用户   ::1   time   4298	http://localhost:9018/      -1   
2016/3/23 16:41:17   未知用户   ::1   time   8967	http://localhost:9018/      -1   
2016/3/23 16:43:29   未知用户   ::1   time   76254	http://localhost:9018/      -1   
2016/3/23 16:43:49   未知用户   ::1   time   13947	http://localhost:9018/      -1   
2016/3/23 16:44:32   未知用户   ::1   time   41142	http://localhost:9018/      -1   
2016/3/23 16:50:38   未知用户   ::1   time   365178	http://localhost:9018/      -1   
2016/3/23 16:55:09   未知用户   ::1   time   73109	http://localhost:9018/      -1   
2016/3/23 16:58:34   未知用户   ::1   time   10138	http://localhost:9018/      -1   
2016/3/23 16:59:10   未知用户   ::1   time   35493	http://localhost:9018/      -1   
2016/3/23 16:59:23   未知用户   ::1   time   8647	http://localhost:9018/      -1   
2016/3/23 16:59:41   未知用户   ::1   time   15737	http://localhost:9018/      -1   
2016/3/23 17:05:23   未知用户   ::1   time   35241	http://localhost:9018/      -1   
2016/3/23 17:05:37   未知用户   ::1   time   13732	http://localhost:9018/      -1   
2016/3/23 17:07:17   未知用户   ::1   time   98483	http://localhost:9018/      -1   
2016/3/23 17:40:32   未知用户   ::1   time   10203	http://localhost:9018/      -1   
2016/3/23 17:41:31   未知用户   ::1   time   54673	http://localhost:9018/      -1   
2016/3/23 17:43:28   未知用户   ::1   time   122	http://localhost:9018/      -1   
2016/3/23 17:44:20   未知用户   ::1   time   6272	http://localhost:9018/      -1   
2016/3/23 17:45:14   未知用户   ::1   time   45993	http://localhost:9018/      -1   
2016/3/23 17:45:39   未知用户   ::1   time   19540	http://localhost:9018/      -1   
2016/3/23 17:46:33   未知用户   ::1   time   53391	http://localhost:9018/      -1   
2016/3/23 17:47:26   未知用户   ::1   time   51382	http://localhost:9018/      -1   
2016/3/23 17:54:07   未知用户   ::1   time   380423	http://localhost:9018/      -1   
2016/3/23 17:54:08   未知用户   ::1   time   135	http://localhost:9018/test.html?_edit=true      -1   
2016/3/23 17:59:17   未知用户   ::1   time   305025	http://localhost:9018/      -1   
2016/3/23 17:59:36   未知用户   ::1   time   8119	http://localhost:9018/      -1   
2016/3/23 18:00:10   未知用户   ::1   time   33395	http://localhost:9018/      -1   
2016/3/23 18:00:22   未知用户   ::1   time   7859	http://localhost:9018/      -1   
2016/3/23 18:00:40   未知用户   ::1   time   16272	http://localhost:9018/      -1   
2016/3/23 18:04:29   未知用户   ::1   time   227079	http://localhost:9018/      -1   
2016/3/23 18:05:54   未知用户   ::1   time   84645	http://localhost:9018/      -1   
2016/3/23 18:06:05   未知用户   ::1   time   9453	http://localhost:9018/      -1   
2016/3/23 18:09:35   未知用户   ::1   time   213034	http://localhost:9018/      -1   
2016/3/23 18:13:13   未知用户   ::1   time   35558	http://localhost:9018/      -1   
2016/3/24 13:27:43   未知用户   ::1   time   906	http://localhost:9018/      -1   
2016/3/24 13:27:45   未知用户   ::1   time   1688	http://localhost:9018/      -1   
2016/3/24 13:29:13   未知用户   ::1   time   286	http://localhost:9018/      -1   
2016/3/31 10:47:41   未知用户   ::1   time   141	http://localhost:9018/      -1   
2016/3/31 11:06:23   未知用户   ::1   time   56474	http://localhost:9018/      -1   
2016/3/31 11:46:35   未知用户   ::1   time   300	http://localhost:9018/      -1   
2016/3/31 11:48:23   未知用户   ::1   time   16421	http://localhost:9018/      -1   
2016/3/31 11:49:50   未知用户   ::1   time   80831	http://localhost:9018/      -1   
2016/3/31 11:50:06   未知用户   ::1   time   15465	http://localhost:9018/      -1   
2016/3/31 11:51:15   未知用户   ::1   time   55425	http://localhost:9018/      -1   
2016/3/31 11:52:02   未知用户   ::1   time   11700	http://localhost:9018/      -1   
2016/3/31 11:53:06   未知用户   ::1   time   9719	http://localhost:9018/      -1   
2016/3/31 14:19:37   未知用户   ::1   time   3280	http://localhost:9018/      -1   
