2016/1/5 11:53:55   未知用户   ::1   time   8578	http://localhost:9018/      -1   
2016/1/5 17:39:10   未知用户   ::1   time   121	http://localhost:9018/      -1   
2016/1/6 10:02:00   未知用户   ::1   time   142	http://localhost:9018/test.html      -1   
2016/1/8 13:30:02   未知用户   ::1   time   124	http://localhost:9018/      -1   
2016/1/11 11:09:06   未知用户   ::1   time   6341	http://localhost:9018/      -1   
2016/1/11 11:09:39   未知用户   ::1   time   319	http://localhost:9018/      -1   
2016/1/11 16:29:58   未知用户   ::1   time   167	http://localhost:9018/      -1   
2016/1/12 9:46:05   未知用户   ::1   time   1031	http://localhost:9018/      -1   
2016/1/14 15:11:17   未知用户   ::1   time   281	http://localhost:9018/      -1   
2016/1/24 11:39:48   未知用户   ::1   time   1075	http://localhost:9018/      -1   
2016/1/25 10:17:56   未知用户   ::1   time   1117	http://localhost:9018/      -1   
2016/1/26 13:11:30   未知用户   ::1   time   2019	http://localhost:9018/      -1   
2016/1/27 11:31:41   未知用户   ::1   time   90455	http://localhost:9018/test.html      -1   
2016/1/27 11:42:47   未知用户   ::1   time   302583	http://localhost:9018/test.html      -1   
2016/1/27 11:43:48   未知用户   ::1   time   28068	http://localhost:9018/test.html      -1   
2016/1/27 11:45:23   未知用户   ::1   time   85513	http://localhost:9018/test/在.html      -1   
2016/1/27 11:46:05   未知用户   ::1   time   40570	http://localhost:9018/test/在.html      -1   
2016/1/27 11:46:25   未知用户   ::1   time   18487	http://localhost:9018/test/在.html      -1   
2016/1/27 11:49:48   未知用户   ::1   time   203192	http://localhost:9018/test/在.html      -1   
2016/1/27 11:50:28   未知用户   ::1   time   4217	http://localhost:9018/test/在.html      -1   
2016/1/28 9:43:58   未知用户   ::1   time   126	http://localhost:9018/      -1   
2016/1/28 13:39:33   未知用户   ::1   time   22421	http://localhost:9018/sss/      -1   
2016/1/28 13:40:27   未知用户   ::1   time   20514	http://localhost:9018/sss/      -1   
2016/1/28 13:41:14   未知用户   ::1   time   46583	http://localhost:9018/sss/      -1   
2016/1/28 14:01:47   未知用户   ::1   time   7676	http://localhost:9018/test.html      -1   
2016/1/28 14:02:22   未知用户   ::1   time   13058	http://localhost:9018/test.html      -1   
2016/1/28 14:06:47   未知用户   ::1   time   227588	http://localhost:9018/test.html?edit      -1   
2016/1/28 14:14:57   未知用户   ::1   time   1818	http://localhost:9018/      -1   
2016/1/28 14:23:18   未知用户   ::1   time   498562	http://localhost:9018/test.html?edit      -1   
2016/1/28 14:46:36   未知用户   ::1   time   1939	http://localhost:9018/test.html?edit      -1   
2016/1/28 14:46:41   未知用户   ::1   time   747	http://localhost:9018/test.html?edit      -1   
2016/1/28 14:46:52   未知用户   ::1   time   3674	http://localhost:9018/test.html?edit      -1   
2016/1/28 14:54:58   未知用户   ::1   time   482010	http://localhost:9018/test.html?edit      -1   
2016/1/28 14:54:59   未知用户   ::1   time   713	http://localhost:9018/test.html?edit      -1   
2016/1/28 15:01:40   未知用户   ::1   time   1296	http://localhost:9018/test.html      -1   
2016/1/28 15:27:22   未知用户   ::1   time   20352	http://localhost:9018/      -1   
2016/1/28 15:27:26   未知用户   ::1   time   2844	http://localhost:9018/      -1   
2016/1/28 15:27:32   未知用户   ::1   time   3747	http://localhost:9018/test.html      -1   
2016/1/28 15:28:13   未知用户   ::1   time   28767	http://localhost:9018/test.html      -1   
2016/1/28 15:28:15   未知用户   ::1   time   1150	http://localhost:9018/test.html      -1   
2016/1/28 15:31:11   未知用户   ::1   time   109587	http://localhost:9018/test.html?_edit=true      -1   
2016/1/28 15:31:16   未知用户   ::1   time   1906	http://localhost:9018/test.html      -1   
2016/1/28 16:19:28   未知用户   ::1   time   14257	http://localhost:9018/test.html?_edit=true      -1   
2016/1/28 16:20:37   未知用户   ::1   time   36702	http://localhost:9018/test.html?_edit=true      -1   
2016/1/28 16:22:14   未知用户   ::1   time   880	http://localhost:9018/test.html?_edit=true      -1   
2016/1/28 16:25:16   未知用户   ::1   time   180264	http://localhost:9018/test.html?_edit=true      -1   
2016/1/28 16:25:16   未知用户   ::1   time   126	http://localhost:9018/test.html?_edit=true      -1   
2016/1/28 17:55:51   未知用户   ::1   time   102	http://localhost:9018/test.html?_edit=true      -1   
2016/1/28 18:21:36   未知用户   ::1   time   275	http://localhost:9018/test.html?_edit=true      -1   
2016/1/29 10:04:00   未知用户   ::1   time   103	http://localhost:9018/test.html?_edit=true      -1   
2016/1/29 10:31:04   未知用户   ::1   time   227	http://localhost:9018/test.html?_edit=true   http://localhost:9018/f.html   -1   
2016/1/29 10:31:41   未知用户   ::1   time   131	http://localhost:9018/test.html?_edit=true   http://localhost:9018/f.html   -1   
2016/1/29 11:05:49   未知用户   ::1   time   110	http://localhost:9018/test.html      -1   
2016/1/29 11:06:20   未知用户   ::1   time   119	http://localhost:9018/test.html      -1   
2016/1/29 11:06:34   未知用户   ::1   time   133	http://localhost:9018/test.html      -1   
2016/1/29 11:09:06   未知用户   ::1   time   116	http://localhost:9018/test.html      -1   
2016/1/29 11:09:55   未知用户   ::1   time   141	http://localhost:9018/test.html      -1   
2016/1/29 11:10:38   未知用户   ::1   time   123	http://localhost:9018/test.html      -1   
2016/1/29 11:10:39   未知用户   ::1   time   104	http://localhost:9018/test.html      -1   
2016/1/29 11:12:51   未知用户   ::1   time   104	http://localhost:9018/test.html      -1   
2016/1/29 11:18:16   未知用户   ::1   time   123	http://localhost:9018/test.html?_edit=true      -1   
2016/1/29 11:18:17   未知用户   ::1   time   107	http://localhost:9018/test.html?_edit=true      -1   
2016/1/29 11:22:26   未知用户   ::1   time   120	http://localhost:9018/test.html?_edit=true      -1   
2016/1/29 11:29:42   未知用户   ::1   time   116	http://localhost:9018/test.html?_edit=true      -1   
2016/1/29 13:08:08   未知用户   ::1   time   182836	http://localhost:9018/test.html?_edit=true      -1   
2016/1/29 13:08:31   未知用户   ::1   time   6152	http://localhost:9018/test.html?_edit=true      -1   
2016/1/29 13:30:44   未知用户   ::1   time   143	http://localhost:9018/test.html?_edit=true      -1   
2016/1/29 13:52:23   未知用户   ::1   time   121	http://localhost:9018/test.html      -1   
2016/1/29 13:53:34   未知用户   ::1   time   8204	http://localhost:9018/test.html?_edit=true      -1   
2016/1/29 13:53:45   未知用户   ::1   time   10395	http://localhost:9018/test.html?_edit=true      -1   
2016/1/29 13:54:14   未知用户   ::1   time   10182	http://localhost:9018/test.html?_edit=true      -1   
2016/1/29 13:57:04   未知用户   ::1   time   102	http://localhost:9018/test.html?_edit=true      -1   
2016/1/29 14:08:29   未知用户   ::1   time   131	http://localhost:9018/test.html?_edit=true      -1   
2016/1/29 14:24:36   未知用户   ::1   time   121	http://localhost:9018/test.html?_edit=true      -1   
2016/1/29 14:28:56   未知用户   ::1   time   108	http://localhost:9018/test.html?_edit=true      -1   
2016/1/29 14:34:56   未知用户   ::1   time   209	http://localhost:9018/test.html?_edit=true   http://localhost:9018/test.html?_edit=true   -1   
2016/1/29 14:34:56   未知用户   ::1   time   139	http://localhost:9018/test.html?_edit=true   http://localhost:9018/test.html?_edit=true   -1   
2016/1/29 14:38:57   未知用户   ::1   time   111	http://localhost:9018/test.html?_edit=true      -1   
2016/1/29 14:40:36   未知用户   ::1   time   1647	http://localhost:9018/test.html?_edit=true   http://localhost:9018/test.html?_edit=true   -1   
2016/1/29 14:40:36   未知用户   ::1   time   158	http://localhost:9018/test.html?_edit=true   http://localhost:9018/test.html?_edit=true   -1   
2016/1/29 14:43:53   未知用户   ::1   time   139	http://localhost:9018/test.html?_edit=true      -1   
2016/1/29 14:45:00   未知用户   ::1   time   106	http://localhost:9018/test.html?_edit=true   http://localhost:9018/test.html?_edit=true   -1   
2016/1/29 14:56:49   未知用户   ::1   time   702	http://localhost:9018/test.html?_edit=true   http://localhost:9018/test.html?_edit=true   -1   
2016/1/29 15:01:36   未知用户   ::1   time   135	http://localhost:9018/test.html?_edit=true   http://localhost:9018/test.html?_edit=true   -1   
2016/1/29 15:12:30   未知用户   ::1   time   106	http://localhost:9018/test.html?_edit=true   http://localhost:9018/test.html?_edit=true   -1   
2016/1/29 15:21:26   未知用户   ::1   time   101	http://localhost:9018/test.html?_edit=true   http://localhost:9018/test.html?_edit=true   -1   
2016/1/29 15:22:07   未知用户   ::1   time   113	http://localhost:9018/test.html?_edit=true   http://localhost:9018/test.html?_edit=true   -1   
2016/1/29 15:25:45   未知用户   ::1   time   104	http://localhost:9018/test.html?_edit=true   http://localhost:9018/test.html?_edit=true   -1   
2016/1/29 15:44:32   未知用户   ::1   time   107	http://localhost:9018/test.html?_edit=true   http://localhost:9018/test.html?_edit=true   -1   
2016/1/29 15:59:19   未知用户   ::1   time   99419	http://localhost:9018/test.html?_edit=true   http://localhost:9018/test.html?_edit=true   -1   
2016/1/29 15:59:48   未知用户   ::1   time   7626	http://localhost:9018/test.html?_edit=true   http://localhost:9018/test.html?_edit=true   -1   
2016/1/29 16:05:57   未知用户   ::1   time   18290	http://localhost:9018/test.html?_edit=true   http://localhost:9018/test.html?_edit=true   -1   
2016/1/29 16:05:57   未知用户   ::1   time   2774	http://localhost:9018/test.html?_edit=true   http://localhost:9018/test.html?_edit=true   -1   
2016/1/29 16:06:28   未知用户   ::1   time   9651	http://localhost:9018/test.html?_edit=true   http://localhost:9018/test.html?_edit=true   -1   
2016/1/29 16:08:54   未知用户   ::1   time   101	http://localhost:9018/test.html?_edit=true   http://localhost:9018/test.html?_edit=true   -1   
2016/1/29 16:38:36   未知用户   ::1   time   105	http://localhost:9018/test.html?_edit=true   http://localhost:9018/test.html?_edit=true   -1   
2016/1/29 17:05:42   未知用户   ::1   time   102	http://localhost:9018/test.html?_edit=true   http://localhost:9018/test.html?_edit=true   -1   
2016/1/29 17:11:38   未知用户   ::1   time   102	http://localhost:9018/test.html?_edit=true   http://localhost:9018/test.html?_edit=true   -1   
2016/1/30 17:20:06   未知用户   ::1   time   369	http://localhost:9018/      -1   
2016/1/30 17:20:32   未知用户   ::1   time   137	http://localhost:9018/      -1   
2016/1/30 17:20:41   未知用户   ::1   time   1355	http://localhost:9018/test.html      -1   
2016/1/30 17:20:48   未知用户   ::1   time   219	http://localhost:9018/test.html      -1   
2016/1/30 17:23:33   未知用户   ::1   time   103	http://localhost:9018/test.html?_edit=true      -1   
2016/1/30 17:39:31   未知用户   ::1   time   107	http://localhost:9018/test.html      -1   
2016/1/30 17:54:06   未知用户   ::1   time   140	http://localhost:9018/test.html?_edit=true      -1   
2016/1/30 17:57:42   未知用户   ::1   time   113	http://localhost:9018/test.html      -1   
2016/1/30 18:31:42   未知用户   ::1   time   171	http://localhost:9018/test.html      -1   
2016/1/30 18:32:26   未知用户   ::1   time   112	http://localhost:9018/test.html      -1   
