2016/6/10 16:17:55   未知用户   ::1   time   106	http://localhost:9018/      -1   
2016/6/10 17:11:06   未知用户   ::1   time   102	http://localhost:9018/seoxinwen/11065370273.html   http://localhost:9018/manage/index.html   -1   
2016/6/10 17:45:29   未知用户   ::1   time   142	http://localhost:9018/seoxinwen/12180153028.html   http://localhost:9018/manage/index.html   -1   
2016/6/10 17:47:48   未知用户   ::1   time   2580	http://localhost:9018/seoxinwen/12180153028.html   http://localhost:9018/manage/index.html   -1   
2016/6/10 17:48:45   未知用户   ::1   time   46976	http://localhost:9018/seoxinwen/12180153028.html   http://localhost:9018/manage/index.html   -1   
2016/6/10 17:48:47   未知用户   ::1   time   114	http://localhost:9018/seoxinwen/12180153028.html   http://localhost:9018/manage/index.html   -1   
2016/6/10 17:50:49   未知用户   ::1   time   94496	http://localhost:9018/seoxinwen/12180153028.html   http://localhost:9018/manage/index.html   -1   
2016/6/10 17:50:53   未知用户   ::1   time   1815	http://localhost:9018/seoxinwen/12180153028.html   http://localhost:9018/manage/index.html   -1   
2016/6/10 17:51:36   未知用户   ::1   time   31973	http://localhost:9018/seoxinwen/12180153028.html   http://localhost:9018/manage/index.html   -1   
2016/6/10 17:51:44   未知用户   ::1   time   1741	http://localhost:9018/seoxinwen/12180153028_2.html   http://localhost:9018/seoxinwen/12180153028.html   -1   
2016/6/13 23:26:17   未知用户   ::1   time   5218	http://localhost:9018/      -1   
2016/6/18 13:02:40   未知用户   ::1   time   131	http://localhost:9018/news/11065335706.html   http://localhost:9018/manage/   -1   
2016/6/20 19:36:58   未知用户   ::1   time   5365	http://localhost:9018/t1.html      -1   
2016/6/20 19:37:03   未知用户   ::1   time   120	http://localhost:9018/t1_12.html   http://localhost:9018/t1_10.html   -1   
2016/6/20 19:37:05   未知用户   ::1   time   104	http://localhost:9018/t1_11.html   http://localhost:9018/t1_10.html   -1   
2016/6/20 20:26:22   未知用户   ::1   time   106	http://localhost:9018/t1_4.html   http://localhost:9018/t1_3.html   -1   
2016/6/20 20:26:30   未知用户   ::1   time   191	http://localhost:9018/t1_21.html   http://localhost:9018/t1_20.html   -1   
2016/6/20 21:32:06   未知用户   ::1   time   118	http://localhost:9018/t1_25.html   http://localhost:9018/t1_24.html   -1   
2016/6/20 21:43:32   未知用户   ::1   time   2817	http://localhost:9018/t2.html      -1   
2016/6/20 21:44:11   未知用户   ::1   time   1472	http://localhost:9018/t1_5.html   http://localhost:9018/t1_4.html   -1   
2016/6/20 21:44:39   未知用户   ::1   time   2112	http://localhost:9018/t1_6.html   http://localhost:9018/t1_5.html   -1   
2016/6/20 21:46:12   未知用户   ::1   time   2537	http://localhost:9018/t2.html      -1   
2016/6/20 21:46:13   未知用户   ::1   time   3174	http://localhost:9018/t2.html      -1   
2016/6/20 21:46:17   未知用户   ::1   time   896	http://localhost:9018/t1_6.html   http://localhost:9018/t1_5.html   -1   
2016/6/20 21:47:14   未知用户   ::1   time   2533	http://localhost:9018/t2.html      -1   
2016/6/20 21:47:23   未知用户   ::1   time   5258	http://localhost:9018/t1_6.html   http://localhost:9018/t1_5.html   -1   
