2016/5/3 13:20:13   未知用户   ::1   login   admin登陆成功   http://localhost:9018/manage/index.html   -1   
2016/5/3 15:07:32   未知用户   ::1   login   admin登陆成功   http://localhost:9018/manage/index.html   -1   
2016/5/3 16:17:17   未知用户   ::1   login   admin登陆成功   http://localhost:9018/manage/index.html   -1   
2016/5/4 17:36:41   未知用户   ::1   login   admin登陆成功   http://localhost:9018/manage/index.html   -1   
2016/5/6 9:51:30   未知用户   ::1   login   admin登陆成功   http://localhost:9018/manage/index.html   -1   
2016/5/6 13:45:57   未知用户   ::1   login   admin登陆成功   http://localhost:9018/manage/index.html   -1   
2016/5/6 15:19:58   未知用户   ::1   login   admin登陆成功   http://localhost:9018/manage/index.html   -1   
2016/5/6 17:00:40   未知用户   ::1   login   admin登陆成功   http://localhost:9018/manage/index.html   -1   
2016/5/9 16:24:44   未知用户   ::1   login   admin登陆成功   http://localhost:9018/manage/index.html   -1   
2016/5/9 17:56:17   未知用户   ::1   login   admin登陆成功   http://localhost:9018/manage/index.html   -1   
2016/5/16 9:08:15   未知用户   ::1   login   admin登陆成功   http://localhost:9018/manage/index.html   -1   
2016/5/16 10:40:22   未知用户   ::1   login   admin用户名密码错误   http://localhost:9018/manage/index.html   -1   
2016/5/16 10:40:25   未知用户   ::1   login   admin登陆成功   http://localhost:9018/manage/index.html   -1   
2016/5/16 16:38:04   未知用户   ::1   login   admin登陆成功   http://localhost:9018/manage/index.html   -1   
2016/5/16 18:58:29   未知用户   ::1   login   admin登陆成功   http://localhost:9018/manage/index.html   -1   
2016/5/16 21:38:43   未知用户   ::1   login   admin登陆成功   http://localhost:9018/manage/index.html   -1   
2016/5/17 8:34:20   未知用户   ::1   login   admin登陆成功   http://localhost:9018/manage/index.html   -1   
2016/5/17 10:44:29   未知用户   ::1   login   admin登陆成功   http://localhost:9018/manage/index.html   -1   
2016/5/17 17:04:44   未知用户   ::1   login   admin登陆成功   http://localhost:9018/manage/index.html   -1   
2016/5/17 17:06:17   未知用户   ::1   login   admin登陆成功   http://localhost:9018/manage/index.html   -1   
2016/5/17 20:57:54   未知用户   ::1   login   admin登陆成功   http://localhost:9018/manage/index.html   -1   
2016/5/17 23:21:27   未知用户   ::1   login   admin登陆成功   http://localhost:9018/manage/index.html   -1   
2016/5/18 11:41:01   未知用户   ::1   login   admin登陆成功   http://localhost:9018/manage/   -1   
2016/5/18 12:49:59   未知用户   ::1   login   admin登陆成功   http://localhost:9018/manage/   -1   
2016/5/18 14:18:23   未知用户   ::1   login   admin登陆成功   http://localhost:9018/manage/   -1   
2016/5/18 19:27:11   未知用户   ::1   login   admin登陆成功   http://localhost:9018/manage/   -1   
2016/5/18 22:03:21   未知用户   ::1   login   admin登陆成功   http://localhost:9018/manage/index.html   -1   
2016/5/19 9:25:09   未知用户   ::1   login   admin用户名密码错误   http://localhost:9018/manage/index.html   -1   
2016/5/19 9:25:14   未知用户   ::1   login   admin登陆成功   http://localhost:9018/manage/index.html   -1   
2016/5/19 18:24:05   未知用户   ::1   login   admin登陆成功   http://localhost:9018/manage/index.html   -1   
2016/5/20 17:38:29   未知用户   ::1   login   admin登陆成功   http://localhost:9018/manage/index.html   -1   
2016/5/23 12:03:46   未知用户   ::1   login   admin登陆成功   http://localhost:9018/manage/index.html   -1   
2016/5/23 12:11:57   未知用户   ::1   login   admin登陆成功   http://localhost:9018/manage/index.html   -1   
2016/5/23 12:19:18   未知用户   ::1   login   admin登陆成功   http://localhost:9018/manage/index.html   -1   
2016/5/23 12:21:51   未知用户   ::1   login   admin登陆成功   http://localhost:9018/manage/index.html   -1   
2016/5/23 12:34:30   未知用户   ::1   login   `admin用户名密码错误   http://localhost:9018/manage/index.html   -1   
2016/5/23 12:34:33   未知用户   ::1   login   `admin用户名密码错误   http://localhost:9018/manage/index.html   -1   
2016/5/23 16:28:57   未知用户   ::1   login   admin用户名密码错误   http://localhost:9018/manage/index.html   -1   
2016/5/23 16:36:57   未知用户   ::1   login   admin用户名密码错误   http://localhost:9018/manage/index.html   -1   
2016/5/23 16:37:03   未知用户   ::1   login   admin用户名密码错误   http://localhost:9018/manage/index.html   -1   
2016/5/23 16:37:37   未知用户   ::1   login   admin用户名密码错误   http://localhost:9018/manage/index.html   -1   
2016/5/23 16:38:15   未知用户   ::1   login   admin登陆成功   http://localhost:9018/manage/index.html   -1   
2016/5/23 17:32:45   未知用户   ::1   login   admin用户名密码错误   http://localhost:9018/manage/index.html   -1   
2016/5/23 17:33:09   未知用户   ::1   login   admin用户名密码错误   http://localhost:9018/manage/index.html   -1   
2016/5/23 17:38:57   未知用户   ::1   login   admin用户名密码错误   http://localhost:9018/manage/index.html   -1   
2016/5/23 17:39:09   未知用户   ::1   login   admin用户名密码错误   http://localhost:9018/manage/index.html   -1   
2016/5/23 17:39:24   未知用户   ::1   login   admin登陆成功   http://localhost:9018/manage/index.html   -1   
2016/5/25 10:12:01   未知用户   ::1   login   ddddd用户名密码错误   http://localhost:9018/manage/index.html   -1   
2016/5/25 10:24:42   未知用户   ::1   login   admin登陆成功   http://localhost:9018/manage/index.html   -1   
2016/5/25 10:32:18   未知用户   ::1   login   zhangtao用户名密码错误   http://localhost:9018/manage/index.html   -1   
2016/5/25 10:32:58   未知用户   ::1   login   zhangtao用户名密码错误   http://localhost:9018/manage/index.html   -1   
2016/5/25 10:33:44   未知用户   ::1   login   admin用户名密码错误   http://localhost:9018/manage/index.html   -1   
2016/5/25 10:34:35   未知用户   ::1   login   admin用户名密码错误   http://localhost:9018/manage/index.html   -1   
2016/5/25 10:36:52   未知用户   ::1   login   admin用户名密码错误   http://localhost:9018/manage/index.html   -1   
2016/5/25 10:38:56   未知用户   ::1   login   admin登陆成功   http://localhost:9018/manage/index.html   -1   
2016/5/27 10:40:10   未知用户   ::1   login   admin用户名密码错误   http://localhost:9018/manage/index.html   -1   
2016/5/27 10:40:16   未知用户   ::1   login   admin登陆成功   http://localhost:9018/manage/index.html   -1   
2016/5/27 10:42:01   未知用户   ::1   login   admin用户名密码错误   http://localhost:9018/manage/index.html   -1   
2016/5/27 10:42:08   未知用户   ::1   login   admin用户名密码错误   http://localhost:9018/manage/index.html   -1   
2016/5/27 10:42:11   未知用户   ::1   login   admin用户名密码错误   http://localhost:9018/manage/index.html   -1   
2016/5/27 10:42:16   未知用户   ::1   login   admin用户名密码错误   http://localhost:9018/manage/index.html   -1   
2016/5/27 10:47:23   未知用户   ::1   login   admin登陆成功   http://localhost:9018/manage/index.html   -1   
2016/5/27 12:57:34   未知用户   ::1   login   admin登陆成功   http://localhost:9018/manage/index.html   -1   
2016/5/30 10:01:33   未知用户   ::1   login   admin用户名密码错误   http://localhost:9018/manage/index.html   -1   
2016/5/30 10:01:38   未知用户   ::1   login   admin用户名密码错误   http://localhost:9018/manage/index.html   -1   
2016/5/30 10:01:45   未知用户   ::1   login   admin登陆成功   http://localhost:9018/manage/index.html   -1   
2016/5/31 13:03:57   未知用户   ::1   login   admin用户名密码错误   http://localhost:9018/manage/index.html   -1   
2016/5/31 13:04:01   未知用户   ::1   login   admin登陆成功   http://localhost:9018/manage/index.html   -1   
