2015/11/2 14:07:20   未知用户   ::1   1   删除栏目sss   http://localhost:9018/manage/index.html   -1   
2015/11/2 14:07:21   未知用户   ::1   1   删除栏目ffff   http://localhost:9018/manage/index.html   -1   
2015/11/2 14:07:23   未知用户   ::1   1   删除栏目dccc   http://localhost:9018/manage/index.html   -1   
2015/11/2 14:07:24   未知用户   ::1   1   删除栏目sssf   http://localhost:9018/manage/index.html   -1   
2015/11/2 14:07:25   未知用户   ::1   1   删除栏目ddd   http://localhost:9018/manage/index.html   -1   
2015/11/2 14:07:26   未知用户   ::1   1   删除栏目hhhs   http://localhost:9018/manage/index.html   -1   
2015/11/2 16:25:57   未知用户   ::1   1   删除数据[serviceManual][10151692649]   http://localhost:9018/manage/index.html   -1   
2015/11/6 15:08:34   未知用户   ::1   1   删除数据[article][10303930902,10303928364,10303919792,10303035129,10303018604,10302971814,10302968849,10302957250,10302950505,10302946436,10302945053,10302833051,10302825288,10296600285,10294961155]   http://localhost:9018/manage/index.html   -1   
2015/11/6 15:08:39   未知用户   ::1   1   删除数据[article][10303930902,10303928364,10303919792,10303035129,10303018604,10302971814,10302968849,10302957250,10302950505,10302946436,10302945053,10302833051,10302825288,10296600285,10294961155]   http://localhost:9018/manage/index.html   -1   
2015/11/6 15:22:05   未知用户   ::1   1   删除数据[article][10304407709,10304404150,10304344678,10304338606,10304334338]   http://localhost:9018/manage/index.html   -1   
2015/11/12 17:10:58   未知用户   ::1   1   删除栏目ddccc   http://localhost:9018/manage/index.html   -1   
2015/11/12 17:11:00   未知用户   ::1   1   删除栏目hhhh   http://localhost:9018/manage/index.html   -1   
2015/11/16 13:08:55   未知用户   ::1   1   删除数据[u_question_answer][10356007581]   http://localhost:9018/manage/index.html   -1   
2015/11/16 13:09:50   未知用户   ::1   1   删除数据[serviceManual][10356912055]   http://localhost:9018/manage/index.html   -1   
2015/11/16 13:10:49   未知用户   ::1   1   删除数据[u_question_answer][10356004414]   http://localhost:9018/manage/index.html   -1   
2015/11/16 13:10:58   未知用户   ::1   1   删除数据[u_question_answer][10356004414]   http://localhost:9018/manage/index.html   -1   
2015/11/20 16:10:52   未知用户   ::1   1   删除数据m_admin[10415508051]   http://localhost:9018/manage/index.html?enter=&enter=   -1   
2015/11/21 13:29:06   未知用户   ::1   1   删除栏目aass   http://localhost:9018/manage/index.html   -1   
2015/11/21 13:44:50   未知用户   ::1   1   删除栏目tttt   http://localhost:9018/manage/index.html   -1   
2015/11/21 13:44:50   未知用户   ::1   1   删除栏目ssss   http://localhost:9018/manage/index.html   -1   
2015/11/21 14:47:19   未知用户   ::1   1   删除数据[article][10408442922]   http://localhost:9018/manage/index.html   -1   
2015/11/27 11:50:33   未知用户   ::1   1   删除栏目aaaa   http://localhost:9018/manage/index.html   -1   
2015/11/27 13:31:11   未知用户   ::1   1   删除栏目aaaa   http://localhost:9018/manage/index.html   -1   
2015/11/27 13:31:13   未知用户   ::1   1   删除栏目cccs   http://localhost:9018/manage/index.html   -1   
2015/11/27 13:31:15   未知用户   ::1   1   删除栏目vvvv   http://localhost:9018/manage/index.html   -1   
2015/11/28 20:35:15   未知用户   ::1   1   删除数据[article][10496350453,10496350116,10496348807,10496347749,10496347564,10496345458,10496345077,10496344649]   http://localhost:9018/manage/index.html   -1   
2015/11/30 14:47:15   未知用户   ::1   1   删除数据[article][10511564520,10511564232,10511563505,10511562689,10511562450,10511562200,10511519071,10511350126,10496512285,10496512017,10496505887,10496445408,10496445070,10496444779,10496444416,10496444217,10496441739,10496441363,10496441174,10496440790]   http://localhost:9018/manage/index.html   -1   
2015/11/30 14:47:17   未知用户   ::1   1   删除数据[article][10511564626,10496440256,10496440005,10496439815,10496439494,10496438856,10496438594,10496437846,10496437608,10496437390,10496431196,10496431236,10496430991,10496383719,10496383482,10496382753,10496382048,10496381781,10496381593,10496380401]   http://localhost:9018/manage/index.html   -1   
2015/11/30 14:47:19   未知用户   ::1   1   删除数据[article][10496377977,10496377643,10496377458,10496377174,10496377210,10496376942,10294114435,10294002735,10294000669,10293970914,10293968341,10278940303,10278939438,10278938700,10278937520,10269726182,10269698230]   http://localhost:9018/manage/index.html   -1   
2015/11/30 14:47:23   未知用户   ::1   1   删除数据[article][10511564520,10511564626,10511564232,10511563505,10511562689,10511562450,10511562200,10511519071,10511350126,10496512285,10496512017,10496505887,10496445408,10496445070,10496444779,10496444416,10496444217,10496441739,10496441363,10496441174]   http://localhost:9018/manage/index.html   -1   
2015/11/30 14:47:24   未知用户   ::1   1   删除数据[article][10496440790,10496440256,10496440005,10496439815,10496439494,10496438856,10496438594,10496437846,10496437608,10496437390,10496431196,10496431236,10496430991,10496383719,10496383482,10496382753,10496382048,10496381781,10496381593,10496380401]   http://localhost:9018/manage/index.html   -1   
2015/11/30 14:47:26   未知用户   ::1   1   删除数据[article][10496377977,10496377643,10496377458,10496377174,10496377210,10496376942,10496350453,10496350116,10496348807,10496347749,10496347564,10496345458,10496345077,10496344649,10294114435,10294002735,10294000669,10293970914,10293968341,10278940303]   http://localhost:9018/manage/index.html   -1   
2015/11/30 14:47:27   未知用户   ::1   1   删除数据[article][10278939438,10278938700,10278937520,10269726182,10269698230]   http://localhost:9018/manage/index.html   -1   
2015/11/30 14:57:50   未知用户   ::1   1   删除数据[article][10511613359,10511613664,10511613229,10511613359,10511613079,10511577586,10511577218,10511576912,10511576350,10511576425,10511576151,10511575767,10511575453,10511575056,10511574581,10511574110,10511574365,10511573969,10511574048]   http://localhost:9018/manage/index.html   -1   
2015/11/30 14:57:53   未知用户   ::1   1   删除数据[article][10511616084,10511615663,10511615475,10511615197,10511614445]   http://localhost:9018/manage/index.html   -1   
2015/11/30 14:57:56   未知用户   ::1   1   删除数据[article][10511616084,10511615663,10511615475,10511615197,10511614445,10511613664,10511613229,10511613359,10511613079,10511577586,10511577218,10511576912,10511576350,10511576425,10511576151,10511575767,10511575453,10511575056,10511574581,10511574110]   http://localhost:9018/manage/index.html   -1   
2015/11/30 14:57:57   未知用户   ::1   1   删除数据[article][10511574365,10511573969,10511574048]   http://localhost:9018/manage/index.html   -1   
