2015/12/1 10:23:01   未知用户   ::1   login   admin登陆成功   http://localhost:9018/manage/index.html   -1   
2015/12/1 13:44:13   未知用户   ::1   login   admin登陆成功   http://localhost:9018/manage/index.html   -1   
2015/12/1 14:39:09   未知用户   ::1   login   admin登陆成功      -1   
2015/12/1 14:39:25   未知用户   ::1   login   admin登陆成功      -1   
2015/12/1 14:42:28   未知用户   ::1   login   admin登陆成功      -1   
2015/12/1 14:42:37   未知用户   ::1   login   admin登陆成功      -1   
2015/12/1 14:43:08   未知用户   ::1   login   admin登陆成功      -1   
2015/12/1 14:43:51   未知用户   ::1   login   admin登陆成功      -1   
2015/12/1 16:58:56   未知用户   ::1   login   admin登陆成功   http://localhost:9018/manage/index.html   -1   
2015/12/2 10:59:43   未知用户   ::1   login   admin登陆成功   http://localhost:9018/manage/index.html   -1   
2015/12/2 11:18:51   未知用户   ::1   login   admin登陆成功      -1   
2015/12/2 11:24:03   未知用户   ::1   login   admin登陆成功      -1   
2015/12/2 11:25:00   未知用户   ::1   login   admin登陆成功      -1   
2015/12/2 11:44:19   未知用户   ::1   login   admin登陆成功      -1   
2015/12/2 11:45:15   未知用户   ::1   login   admin登陆成功      -1   
2015/12/2 11:47:18   未知用户   ::1   login   admin登陆成功      -1   
2015/12/2 11:59:32   未知用户   ::1   login   admin登陆成功      -1   
2015/12/2 14:12:56   未知用户   ::1   login   admin登陆成功   http://localhost:9018/manage/index.html   -1   
2015/12/2 14:13:24   未知用户   ::1   login   admin登陆成功      -1   
2015/12/2 14:14:10   未知用户   ::1   login   admin登陆成功      -1   
2015/12/2 14:43:37   未知用户   ::1   login   admin登陆成功      -1   
2015/12/2 14:44:06   未知用户   ::1   login   admin登陆成功      -1   
2015/12/2 14:44:23   未知用户   ::1   login   admin登陆成功      -1   
2015/12/3 11:28:26   未知用户   ::1   login   wangxu登陆成功   http://localhost:9018/manage/index.html   -1   
2015/12/3 11:28:53   未知用户   ::1   login   wangxu登陆成功   http://localhost:9018/manage/index.html   -1   
2015/12/3 11:29:03   未知用户   ::1   login   wangxu登陆成功   http://localhost:9018/manage/index.html   -1   
2015/12/3 11:35:16   未知用户   ::1   login   admin登陆成功   http://localhost:9018/manage/   -1   
2015/12/3 11:35:28   未知用户   ::1   login   wangxu用户名密码错误   http://localhost:9018/manage/   -1   
2015/12/3 11:35:31   未知用户   ::1   login   wangxu用户名密码错误   http://localhost:9018/manage/   -1   
2015/12/3 11:44:39   未知用户   ::1   login   admin登陆成功   http://localhost:9018/manage/index.html   -1   
2015/12/3 15:05:11   未知用户   ::1   login   addmin用户名密码错误   http://localhost:9018/manage/index.html   -1   
2015/12/3 15:05:14   未知用户   ::1   login   admin登陆成功   http://localhost:9018/manage/index.html   -1   
2015/12/3 15:09:45   未知用户   ::1   login   admin登陆成功      -1   
2015/12/3 16:07:01   未知用户   ::1   login   admin登陆成功   http://localhost:9018/manage/index.html   -1   
2015/12/3 16:07:53   未知用户   ::1   login   admin登陆成功      -1   
2015/12/3 18:09:58   未知用户   ::1   login   admin登陆成功   http://localhost:9018/manage/index.html   -1   
2015/12/4 12:30:49   未知用户   ::1   login   admin用户名密码错误   http://localhost:9018/manage/index.html   -1   
2015/12/4 12:30:52   未知用户   ::1   login   admin登陆成功   http://localhost:9018/manage/index.html   -1   
2015/12/4 15:16:13   未知用户   ::1   login   admin登陆成功   http://localhost:9018/manage/index.html   -1   
2015/12/7 10:46:21   未知用户   ::1   login   admin登陆成功   http://localhost:9018/manage/   -1   
2015/12/7 14:48:32   未知用户   ::1   login   admin登陆成功   http://localhost:9018/manage/   -1   
2015/12/7 20:11:33   未知用户   ::1   login   admin登陆成功   http://localhost:9018/manage/index.html   -1   
2015/12/7 21:13:07   未知用户   ::1   login   admin登陆成功   http://localhost:9018/manage/index.html   -1   
2015/12/7 23:03:48   未知用户   ::1   login   admin登陆成功   http://localhost:9018/manage/index.html   -1   
2015/12/8 10:26:21   未知用户   ::1   login   admin登陆成功   http://localhost:9018/manage/index.html   -1   
2015/12/8 13:04:13   未知用户   ::1   login   admin登陆成功   http://localhost:9018/manage/index.html   -1   
2015/12/8 15:56:55   未知用户   ::1   login   admin登陆成功   http://localhost:9018/manage/   -1   
2015/12/9 15:01:58   未知用户   ::1   login   admin登陆成功   http://localhost:9018/manage/   -1   
2015/12/9 22:49:56   未知用户   ::1   login   admin登陆成功   http://localhost:9018/manage/   -1   
2015/12/10 13:17:53   未知用户   ::1   login   admin登陆成功   http://localhost:9018/manage/index.html   -1   
2015/12/10 15:47:03   未知用户   ::1   login   admin登陆成功   http://localhost:9018/manage/index.html?enter=&enter=   -1   
2015/12/11 9:56:00   未知用户   ::1   login   admin登陆成功   http://localhost:9018/manage/index.html?enter=&enter=   -1   
2015/12/11 13:36:46   未知用户   ::1   login   admin登陆成功   http://localhost:9018/manage/index.html?enter=&enter=   -1   
2015/12/17 9:26:21   未知用户   ::1   login   admin登陆成功   http://localhost:9018/manage/   -1   
