2016/2/1 10:42:31   未知用户   ::1   login   admin登陆成功   http://localhost:9018/manage/   -1   
2016/2/1 13:09:33   未知用户   ::1   login   admin登陆成功   http://localhost:9018/manage/   -1   
2016/2/1 14:10:44   未知用户   ::1   login   admin登陆成功   http://localhost:9018/manage/   -1   
2016/2/1 15:32:01   未知用户   ::1   login   admin登陆成功   http://localhost:9018/manage/   -1   
2016/2/1 17:26:01   未知用户   ::1   login   admin登陆成功   http://localhost:9018/manage/   -1   
2016/2/2 9:25:18   未知用户   ::1   login   admin登陆成功   http://localhost:9018/manage/   -1   
2016/2/2 11:31:29   未知用户   ::1   login   admin登陆成功   http://localhost:9018/manage/   -1   
2016/2/2 13:19:55   未知用户   ::1   login   admin登陆成功   http://localhost:9018/manage/   -1   
2016/2/2 16:59:09   未知用户   ::1   login   admin登陆成功      -1   
2016/2/2 17:00:16   未知用户   ::1   login   admin登陆成功      -1   
2016/2/2 17:05:51   未知用户   ::1   login   admin登陆成功      -1   
2016/2/2 17:06:04   未知用户   ::1   login   admin登陆成功      -1   
2016/2/2 17:07:42   未知用户   ::1   login   admin登陆成功      -1   
2016/2/2 20:35:50   未知用户   ::1   login   admin用户名密码错误   http://localhost:9018/manage/   -1   
2016/2/2 20:35:55   未知用户   ::1   login   admin登陆成功   http://localhost:9018/manage/   -1   
2016/2/3 9:30:35   未知用户   ::1   login   admin登陆成功   http://localhost:9018/manage/   -1   
2016/2/3 11:50:26   未知用户   ::1   login   admin登陆成功   http://localhost:9018/manage/   -1   
2016/2/3 13:17:50   未知用户   ::1   login   admin登陆成功   http://localhost:9018/manage/   -1   
2016/2/3 19:35:24   未知用户   ::1   login   admin登陆成功   http://localhost:9018/manage/   -1   
2016/2/4 9:56:02   未知用户   ::1   login   admin登陆成功   http://localhost:9018/manage/   -1   
2016/2/4 14:04:43   未知用户   ::1   login   admin登陆成功   http://localhost:9018/manage/   -1   
2016/2/4 16:04:15   未知用户   ::1   login   admin登陆成功   http://localhost:9018/manage/   -1   
2016/2/5 10:49:33   未知用户   ::1   login   admin登陆成功   http://localhost:9018/manage/index.html   -1   
2016/2/5 13:21:21   未知用户   ::1   login   admin登陆成功   http://localhost:9018/manage/index.html   -1   
2016/2/15 11:50:16   未知用户   ::1   login   admin登陆成功   http://localhost:9018/manage/index.html   -1   
2016/2/15 14:15:54   未知用户   ::1   login   admin登陆成功   http://localhost:9018/manage/index.html   -1   
2016/2/15 16:58:32   未知用户   ::1   login   admin登陆成功   http://localhost:9018/manage/index.html   -1   
2016/2/16 10:57:17   未知用户   ::1   login   admin登陆成功   http://localhost:9018/manage/index.html   -1   
2016/2/16 17:19:12   未知用户   ::1   login   admin登陆成功   http://localhost:9018/manage/index.html   -1   
2016/2/18 14:28:07   未知用户   ::1   login   admin登陆成功   http://localhost:9018/manage/index.html   -1   
2016/2/18 16:36:06   未知用户   ::1   login   admin登陆成功   http://localhost:9018/manage/index.html   -1   
2016/2/19 11:33:22   未知用户   ::1   login   admin登陆成功   http://localhost:9018/manage/index.html   -1   
2016/2/19 13:46:35   未知用户   ::1   login   admin登陆成功   http://localhost:9018/manage/index.html   -1   
2016/2/25 14:35:11   未知用户   ::1   login   admin登陆成功   http://localhost:9018/manage/index.html   -1   
2016/2/25 16:55:46   未知用户   ::1   login   admn用户名密码错误   http://localhost:9018/manage/index.html   -1   
2016/2/25 16:55:49   未知用户   ::1   login   admn用户名密码错误   http://localhost:9018/manage/index.html   -1   
2016/2/25 16:55:56   未知用户   ::1   login   admin登陆成功   http://localhost:9018/manage/index.html   -1   
2016/2/25 17:19:29   未知用户   127.0.0.1   login   admin登陆成功      -1   
