2015/11/2 13:28:30   未知用户   ::1   login   admin登陆成功   http://localhost:9018/manage/index.html   -1   
2015/11/2 14:47:54   未知用户   ::1   login   admin登陆成功   http://localhost:9018/manage/index.html   -1   
2015/11/2 16:21:28   未知用户   ::1   login   admin登陆成功   http://localhost:9018/manage/index.html   -1   
2015/11/2 17:27:20   未知用户   ::1   login   admin登陆成功   http://localhost:9018/manage/index.html   -1   
2015/11/3 13:39:26   未知用户   ::1   login   admin登陆成功   http://localhost:9018/manage/index.html   -1   
2015/11/3 15:58:16   未知用户   ::1   login   admin登陆成功   http://localhost:9018/manage/index.html   -1   
2015/11/3 16:35:28   未知用户   127.0.0.1   login   wangxu登陆成功   http://openapi.qzone.qq.com/oauth/show?which=Login&display=pc&response_type=code&client_id=100586380&redirect_uri=http://www.mwms4.com:9018/manage/app/account/loginInterface.ashx?_m=login_qq_redirect   -1   
2015/11/3 17:15:27   未知用户   ::1   login   admin登陆成功   http://localhost:9018/manage/index.html   -1   
2015/11/4 9:54:51   未知用户   ::1   login   admin登陆成功   http://localhost:9018/manage/index.html   -1   
2015/11/4 13:04:27   未知用户   ::1   login   admin登陆成功   http://localhost:9018/manage/index.html   -1   
2015/11/4 14:48:57   未知用户   127.0.0.1   login   wangxu登陆成功   http://openapi.qzone.qq.com/oauth/show?which=ConfirmPage&display=pc&response_type=code&client_id=100586380&redirect_uri=http://www.mwms4.com:9018/manage/app/account/loginInterface.ashx?_m=login_qq_redirect   -1   
2015/11/4 17:27:21   未知用户   ::1   login   admin登陆成功   http://localhost:9018/manage/index.html   -1   
2015/11/5 10:19:50   未知用户   ::1   login   admin登陆成功   http://localhost:9018/manage/index.html   -1   
2015/11/5 13:06:33   未知用户   ::1   login   admin登陆成功   http://localhost:9018/manage/index.html?enter=&enter=   -1   
2015/11/5 14:37:23   未知用户   ::1   login   admin登陆成功   http://localhost:9018/manage/index.html?enter=&enter=   -1   
2015/11/5 17:29:56   未知用户   ::1   login   admin登陆成功   http://localhost:9018/manage/index.html   -1   
2015/11/6 10:56:46   未知用户   ::1   login   admin登陆成功   http://localhost:9018/manage/index.html   -1   
2015/11/6 13:58:29   未知用户   ::1   login   admin登陆成功   http://localhost:9018/manage/index.html   -1   
2015/11/6 15:08:24   未知用户   ::1   login   admin登陆成功   http://localhost:9018/manage/index.html   -1   
2015/11/6 17:32:53   未知用户   127.0.0.1   login   wangxu登陆成功   http://www.mwms4.com:9018/   -1   
2015/11/7 14:22:30   未知用户   ::1   login   admin登陆成功   http://localhost:9018/manage/index.html   -1   
2015/11/8 22:09:15   未知用户   ::1   login   admin登陆成功   http://localhost:9018/manage/index.html   -1   
2015/11/9 10:43:22   未知用户   ::1   login   admin登陆成功   http://localhost:9018/manage/index.html   -1   
2015/11/9 14:54:09   未知用户   ::1   login   admin登陆成功   http://localhost:9018/manage/index.html   -1   
2015/11/9 22:56:01   未知用户   ::1   login   admin登陆成功   http://localhost:9018/manage/index.html   -1   
2015/11/10 10:04:07   未知用户   ::1   login   admin登陆成功   http://localhost:9018/manage/index.html   -1   
2015/11/11 10:43:53   未知用户   ::1   login   admin登陆成功   http://localhost:9018/manage/index.html   -1   
2015/11/11 13:02:35   未知用户   ::1   login   admin登陆成功   http://localhost:9018/manage/index.html   -1   
2015/11/11 16:46:28   未知用户   ::1   login   admin登陆成功   http://localhost:9018/manage/index.html   -1   
2015/11/12 10:02:58   未知用户   ::1   login   admin登陆成功   http://localhost:9018/manage/index.html   -1   
2015/11/12 11:18:46   未知用户   ::1   login   admin登陆成功   http://localhost:9018/manage/index.html   -1   
2015/11/12 13:17:42   未知用户   ::1   login   admin登陆成功   http://localhost:9018/manage/index.html   -1   
2015/11/12 14:38:17   未知用户   ::1   login   admin登陆成功   http://localhost:9018/manage/index.html   -1   
2015/11/12 16:18:23   未知用户   ::1   login   admin登陆成功   http://localhost:9018/manage/index.html   -1   
2015/11/12 23:39:07   未知用户   ::1   login   admin登陆成功   http://localhost:9018/manage/index.html   -1   
2015/11/13 14:06:40   未知用户   ::1   login   admin登陆成功   http://localhost:9018/manage/index.html   -1   
2015/11/13 15:56:43   未知用户   ::1   login   admin登陆成功   http://localhost:9018/manage/   -1   
2015/11/13 17:34:25   未知用户   127.0.0.1   login   wangxu登陆成功   http://openapi.qzone.qq.com/oauth/show?which=ConfirmPage&display=pc&response_type=code&client_id=100586380&redirect_uri=http://www.mwms4.com:9018/manage/app/account/loginInterface.ashx?_m=login_qq_redirect   -1   
2015/11/13 17:37:41   未知用户   127.0.0.1   login   wangxu登陆成功   http://openapi.qzone.qq.com/oauth/show?which=ConfirmPage&display=pc&response_type=code&client_id=100586380&redirect_uri=http://www.mwms4.com:9018/manage/app/account/loginInterface.ashx?_m=login_qq_redirect   -1   
2015/11/16 10:21:36   未知用户   ::1   login   admin登陆成功   http://localhost:9018/manage/index.html   -1   
2015/11/16 13:04:28   未知用户   ::1   login   admin登陆成功   http://localhost:9018/manage/index.html   -1   
2015/11/16 17:29:29   未知用户   ::1   login   admin登陆成功   http://localhost:9018/manage/index.html   -1   
2015/11/16 22:03:12   未知用户   ::1   login   wangxu登陆成功   http://localhost:9018/   -1   
2015/11/16 22:32:25   未知用户   ::1   login   admin登陆成功   http://localhost:9018/manage/index.html   -1   
2015/11/17 10:04:35   未知用户   ::1   login   admin登陆成功   http://localhost:9018/manage/index.html   -1   
2015/11/17 11:10:40   未知用户   ::1   login   admin登陆成功   http://localhost:9018/manage/index.html   -1   
2015/11/17 13:16:59   未知用户   ::1   login   admin登陆成功   http://localhost:9018/manage/index.html   -1   
2015/11/17 14:26:20   未知用户   ::1   login   admin登陆成功   http://localhost:9018/manage/index.html   -1   
2015/11/17 16:35:20   未知用户   ::1   login   admin登陆成功   http://localhost:9018/manage/index.html   -1   
2015/11/17 16:35:49   未知用户   ::1   login   admin登陆成功   http://localhost:9018/manage/index.html   -1   
2015/11/17 16:37:06   未知用户   ::1   login   admin登陆成功   http://localhost:9018/manage/index.html   -1   
2015/11/17 16:40:48   未知用户   ::1   login   wangxu用户名密码错误   http://localhost:9018/   -1   
2015/11/17 16:40:52   未知用户   ::1   login   wangxu登陆成功   http://localhost:9018/   -1   
2015/11/17 16:44:59   未知用户   ::1   login   admin登陆成功   http://localhost:9018/manage/index.html   -1   
2015/11/18 10:49:09   未知用户   ::1   login   admin登陆成功   http://localhost:9018/manage/index.html   -1   
2015/11/18 14:30:07   未知用户   ::1   login   admin登陆成功   http://localhost:9018/manage/index.html   -1   
2015/11/18 16:19:42   未知用户   ::1   login   admin登陆成功   http://localhost:9018/manage/index.html   -1   
2015/11/19 11:07:33   未知用户   ::1   login   admin登陆成功   http://localhost:9018/manage/index.html   -1   
2015/11/20 10:45:47   未知用户   ::1   login   admin登陆成功   http://localhost:9018/manage/index.html   -1   
2015/11/20 13:32:08   未知用户   ::1   login   admin登陆成功   http://localhost:9018/manage/index.html   -1   
2015/11/20 13:33:14   未知用户   ::1   login   admin登陆成功   http://localhost:9018/manage/index.html   -1   
2015/11/20 13:33:22   未知用户   ::1   login   admin登陆成功   http://localhost:9018/manage/index.html   -1   
2015/11/20 15:42:51   未知用户   ::1   login   admin登陆成功   http://localhost:9018/manage/index.html   -1   
2015/11/20 17:30:49   未知用户   ::1   login   admin登陆成功   http://localhost:9018/manage/index.html   -1   
2015/11/21 13:26:37   未知用户   ::1   login   admin登陆成功   http://localhost:9018/manage/index.html   -1   
2015/11/21 14:44:07   未知用户   ::1   login   admin登陆成功   http://localhost:9018/manage/index.html   -1   
2015/11/21 17:08:29   未知用户   ::1   login   admin登陆成功   http://localhost:9018/manage/index.html   -1   
2015/11/21 18:33:23   未知用户   ::1   login   admin登陆成功   http://localhost:9018/manage/index.html   -1   
2015/11/21 20:08:01   未知用户   ::1   login   admin登陆成功   http://localhost:9018/manage/index.html   -1   
2015/11/21 21:26:34   未知用户   ::1   login   admin登陆成功   http://localhost:9018/manage/index.html   -1   
2015/11/21 22:52:26   未知用户   ::1   login   admin登陆成功   http://localhost:9018/manage/index.html   -1   
2015/11/22 15:33:38   未知用户   ::1   login   blue用户名密码错误   http://localhost:9018/   -1   
2015/11/22 15:33:41   未知用户   ::1   login   wangxu用户名密码错误   http://localhost:9018/   -1   
2015/11/22 15:33:44   未知用户   ::1   login   wangxu登陆成功   http://localhost:9018/   -1   
2015/11/22 16:07:23   未知用户   ::1   login   admin登陆成功   http://localhost:9018/manage/index.html   -1   
2015/11/22 16:09:03   未知用户   ::1   login   wangxu登陆成功   http://localhost:9018/   -1   
2015/11/22 16:09:45   未知用户   ::1   login   admin登陆成功   http://localhost:9018/manage/index.html   -1   
2015/11/22 16:26:24   未知用户   ::1   login   admin登陆成功   http://localhost:9018/manage/index.html   -1   
2015/11/22 16:27:52   未知用户   ::1   login   wangxu登陆成功   http://localhost:9018/   -1   
2015/11/23 14:14:33   未知用户   ::1   login   admin登陆成功   http://localhost:9018/manage/index.html   -1   
2015/11/23 15:25:32   未知用户   ::1   login   admin登陆成功   http://localhost:9018/manage/index.html   -1   
2015/11/23 16:50:55   未知用户   ::1   login   vvvv登陆成功   http://localhost:9018/manage/index.html   -1   
2015/11/23 16:51:23   未知用户   ::1   login   admin登陆成功   http://localhost:9018/manage/index.html   -1   
2015/11/23 16:52:06   未知用户   ::1   login   vvvv登陆成功   http://localhost:9018/manage/index.html   -1   
2015/11/23 17:04:32   未知用户   ::1   login   admin登陆成功   http://localhost:9018/manage/index.html   -1   
2015/11/23 17:05:11   未知用户   ::1   login   a123456登陆成功   http://localhost:9018/manage/index.html   -1   
2015/11/23 17:19:32   未知用户   ::1   login   admin登陆成功   http://localhost:9018/manage/index.html   -1   
2015/11/23 17:57:08   未知用户   ::1   login   test登陆成功   http://localhost:9018/manage/index.html   -1   
2015/11/23 17:57:20   未知用户   ::1   login   tttt用户名密码错误   http://localhost:9018/manage/index.html   -1   
2015/11/23 17:57:25   未知用户   ::1   login   test登陆成功   http://localhost:9018/manage/index.html   -1   
2015/11/23 17:58:44   未知用户   ::1   login   admin登陆成功   http://localhost:9018/manage/index.html   -1   
2015/11/23 17:58:57   未知用户   ::1   login   vvvv登陆成功   http://localhost:9018/manage/index.html   -1   
2015/11/23 17:59:07   未知用户   ::1   login   admin登陆成功   http://localhost:9018/manage/index.html   -1   
2015/11/23 17:59:22   未知用户   ::1   login   vvvv登陆成功   http://localhost:9018/manage/index.html   -1   
2015/11/23 19:12:38   未知用户   ::1   login   admin登陆成功   http://localhost:9018/manage/index.html   -1   
2015/11/24 10:09:30   未知用户   ::1   login   admin用户名密码错误   http://localhost:9018/manage/index.html   -1   
2015/11/24 10:09:35   未知用户   ::1   login   admin登陆成功   http://localhost:9018/manage/index.html   -1   
2015/11/24 13:52:38   未知用户   ::1   login   admin登陆成功   http://localhost:9018/manage/index.html   -1   
2015/11/25 9:59:34   未知用户   ::1   login   admin登陆成功   http://localhost:9018/manage/index.html   -1   
2015/11/25 11:01:28   未知用户   ::1   login   admin登陆成功   http://localhost:9018/manage/index.html   -1   
2015/11/25 13:17:00   未知用户   ::1   login   admin用户名密码错误   http://localhost:9018/manage/index.html   -1   
2015/11/25 13:17:03   未知用户   ::1   login   admin登陆成功   http://localhost:9018/manage/index.html   -1   
2015/11/25 16:31:53   未知用户   ::1   login   admin登陆成功   http://localhost:9018/manage/index.html   -1   
2015/11/25 20:25:35   未知用户   ::1   login   admin登陆成功   http://localhost:9018/manage/index.html   -1   
2015/11/26 13:16:48   未知用户   ::1   login   admin登陆成功   http://localhost:9018/manage/index.html   -1   
2015/11/26 17:21:21   未知用户   ::1   login   admin登陆成功   http://localhost:9018/manage/index.html   -1   
2015/11/26 20:01:12   未知用户   ::1   login   admin登陆成功   http://localhost:9018/manage/index.html   -1   
2015/11/27 9:48:35   未知用户   ::1   login   admin登陆成功   http://localhost:9018/manage/index.html   -1   
2015/11/27 11:49:13   未知用户   ::1   login   admin登陆成功      -1   
2015/11/27 11:49:46   未知用户   ::1   login   admin登陆成功   http://localhost:9018/manage/index.html   -1   
2015/11/27 13:14:08   未知用户   ::1   login   admin登陆成功   http://localhost:9018/manage/index.html   -1   
2015/11/27 13:36:48   未知用户   ::1   login   admin登陆成功      -1   
2015/11/27 14:51:35   未知用户   ::1   login   admin登陆成功   http://localhost:9018/manage/index.html   -1   
2015/11/27 17:00:52   未知用户   ::1   login   admin登陆成功   http://localhost:9018/manage/index.html   -1   
2015/11/28 17:16:09   未知用户   ::1   login   admin登陆成功   http://localhost:9018/manage/index.html   -1   
2015/11/28 20:27:16   未知用户   ::1   login   admin登陆成功      -1   
2015/11/28 20:30:42   未知用户   ::1   login   admin登陆成功      -1   
2015/11/28 20:31:30   未知用户   ::1   login   admin登陆成功      -1   
2015/11/28 20:34:52   未知用户   ::1   login   admin登陆成功   http://localhost:9018/manage/index.html   -1   
2015/11/28 20:36:07   未知用户   ::1   login   admin登陆成功      -1   
2015/11/28 20:36:59   未知用户   ::1   login   admin登陆成功      -1   
2015/11/28 20:44:52   未知用户   ::1   login   admin登陆成功      -1   
2015/11/28 20:45:52   未知用户   ::1   login   admin登陆成功      -1   
2015/11/28 20:46:23   未知用户   ::1   login   admin登陆成功      -1   
2015/11/28 20:56:57   未知用户   ::1   login   admin登陆成功      -1   
2015/11/28 20:57:56   未知用户   ::1   login   admin登陆成功      -1   
2015/11/30 9:40:12   未知用户   ::1   login   admin登陆成功   http://localhost:9018/manage/index.html   -1   
2015/11/30 10:53:40   未知用户   ::1   login   admin登陆成功   http://localhost:9018/manage/index.html   -1   
2015/11/30 13:20:19   未知用户   ::1   login   admin登陆成功   http://localhost:9018/manage/index.html   -1   
2015/11/30 14:11:37   未知用户   ::1   login   admin登陆成功      -1   
2015/11/30 14:39:43   未知用户   ::1   login   admin登陆成功      -1   
2015/11/30 14:46:54   未知用户   ::1   login   admin登陆成功      -1   
2015/11/30 14:47:08   未知用户   ::1   login   admin登陆成功   http://localhost:9018/manage/index.html   -1   
2015/11/30 14:47:11   未知用户   ::1   login   admin登陆成功      -1   
2015/11/30 14:48:42   未知用户   ::1   login   admin登陆成功      -1   
2015/11/30 14:49:00   未知用户   ::1   login   admin登陆成功      -1   
2015/11/30 14:54:57   未知用户   ::1   login   admin登陆成功      -1   
2015/11/30 14:55:12   未知用户   ::1   login   admin登陆成功      -1   
2015/11/30 14:58:57   未知用户   ::1   login   admin登陆成功      -1   
2015/11/30 15:02:43   未知用户   ::1   login   admin登陆成功      -1   
